gene expr: CCL3
    ENSG00000277632.1

t cell polarization
    Th1/Th2 (IFN-γ/IL-5)
    Th1: IFN-γ: PT_P01579   (protein_id)
    Th2: IL-5:  PT_P05113   (protein_id)

t cell polarization
    protein_id + DMSO 一直都是1.0


all_metadata
'specimen_id', 'subject_id', 'actual_day_relative_to_boost',
       'planned_day_relative_to_boost', 'specimen_type', 'visit',
       'infancy_vac', 'biological_sex', 'ethnicity', 'race', 'year_of_birth',
       'date_of_boost', 'dataset', 'day_diff_14', 'day_diff_1', 'day_diff_3',
       'day_diff_30', 'age', 'd1_specimen_id', 'd3_specimen_id',
       'd14_specimen_id', 'd30_specimen_id'

需要的feats
['infancy_vac', 'biological_sex', 'ethnicity', 'race', 'year_of_birth',
 'day_diff_1', 'day_diff_3', 'day_diff_14', 'day_diff_30', 'age']
？？ 直接一个actual_day_relative_to_boost就可以代替所有day_diff?



two models:
model_1: (data_1_)
    2020,2021,2022,2023
    exclude t_cell & legendplex

    input value shape: (571, 445)
        gene_expr(tsvd), ab_titer, cell_freq, cytokine_olink(tsvd),
        (-9)infancy_vac, biological_sex, ethnicity, race, age, 
        day_diff_1, day_diff_3, day_diff_14, day_diff_30(-1)


    target value shape: (571, 5)
        d1: cell freq               Monocytes
        d3: gene expr               ENSG00000277632.1
        d14: ab titer               IgG_PT
        d30: t_cell polar           PT_P01579
        d30: t_cell activ           PT_P05113

    

model_2: (data_2_)
    2021,2022,2023
    include t_cell & legendplex

    input value shape: (287, 419)
        gene_expr(tsvd), ab_titer, cell_freq, cytokine_olink(tsvd), cytokine_legendplex, 
        tcell_polar, tcell_activ
        (-9)infancy_vac, biological_sex, ethnicity, race, age, 
        day_diff_1, day_diff_3, day_diff_14, day_diff_30(-1)

    target value shape: (287, 5)
        d1: cell freq
        d3: gene expr
        d14: ab titer
        d30: t_cell polar
        d30: t_cell activ
